<?xml version="1.0" encoding="UTF-8"?>
<!-- Generated by org.testng.reporters.JUnitReportReporter -->
<testsuite hostname="Five9s" failures="0" tests="2" name="testNG.TestNgFlow" time="0.038" errors="0" timestamp="2025-08-18T13:05:29 IST" skipped="0">
  <testcase classname="testNG.TestNgFlow" name="myTest2" time="0.009"/>
  <testcase classname="testNG.TestNgFlow" name="myTest" time="0.029"/>
</testsuite> <!-- testNG.TestNgFlow -->
