<?xml version="1.0" encoding="UTF-8"?>
<!-- Generated by org.testng.reporters.JUnitReportReporter -->
<testsuite hostname="Five9s" failures="0" tests="2" name="testNG.dataProvider2" time="29.734" errors="0" timestamp="2025-08-17T20:58:58 IST" skipped="0">
  <testcase classname="testNG.dataProvider2" name="submitForm" time="14.791"/>
  <testcase classname="testNG.dataProvider2" name="submitForm" time="14.943"/>
</testsuite> <!-- testNG.dataProvider2 -->
