<?xml version="1.0" encoding="UTF-8"?>
<!-- Generated by org.testng.reporters.JUnitReportReporter -->
<testsuite hostname="DESKTOP-T81CQEU" failures="0" tests="1" name="testNG.findWebElements" time="7.193" errors="0" timestamp="2025-08-22T10:20:20 IST" skipped="0">
  <testcase classname="testNG.findWebElements" name="elements" time="7.193"/>
</testsuite> <!-- testNG.findWebElements -->
