<?xml version="1.0" encoding="UTF-8"?>
<!-- Generated by org.testng.reporters.JUnitReportReporter -->
<testsuite hostname="Five9s" failures="0" tests="1" name="testNG.ExpectedExceptions" time="9.137" errors="0" timestamp="2025-08-16T22:03:14 IST" skipped="0">
  <testcase classname="testNG.ExpectedExceptions" name="handlinginput" time="9.137"/>
</testsuite> <!-- testNG.ExpectedExceptions -->
