<?xml version="1.0" encoding="UTF-8"?>
<!-- Generated by org.testng.reporters.JUnitReportReporter -->
<testsuite hostname="Five9s" failures="0" tests="2" name="testNG.dataProvider" time="20.269" errors="0" timestamp="2025-08-17T20:35:36 IST" skipped="0">
  <testcase classname="testNG.dataProvider" name="submitForm" time="10.302"/>
  <testcase classname="testNG.dataProvider" name="submitForm" time="9.967"/>
</testsuite> <!-- testNG.dataProvider -->
