<?xml version="1.0" encoding="UTF-8"?>
<!-- Generated by org.testng.reporters.JUnitReportReporter -->
<testsuite hostname="Five9s" failures="0" tests="6" name="testNG.handlingInput" time="204.270" errors="0" timestamp="2025-08-16T21:51:06 IST" skipped="0">
  <testcase classname="testNG.handlingInput" name="handlinginput" time="36.312"/>
  <testcase classname="testNG.handlingInput" name="handlinginput" time="41.584"/>
  <testcase classname="testNG.handlingInput" name="handlinginput" time="25.047"/>
  <testcase classname="testNG.handlingInput" name="handlinginput" time="32.115"/>
  <testcase classname="testNG.handlingInput" name="handlinginput" time="27.642"/>
  <testcase classname="testNG.handlingInput" name="handlinginput" time="41.570"/>
</testsuite> <!-- testNG.handlingInput -->
