<?xml version="1.0" encoding="UTF-8"?>
<!-- Generated by org.testng.reporters.JUnitReportReporter -->
<testsuite hostname="DESKTOP-T81CQEU" failures="0" tests="10" name="utils.Learn_Data_Provider" time="52.597" errors="0" timestamp="2025-08-22T20:26:37 IST" skipped="0">
  <testcase classname="utils.Learn_Data_Provider" name="submitForm" time="5.106"/>
  <testcase classname="utils.Learn_Data_Provider" name="submitForm" time="4.968"/>
  <testcase classname="utils.Learn_Data_Provider" name="submitForm" time="5.007"/>
  <testcase classname="utils.Learn_Data_Provider" name="submitForm" time="5.193"/>
  <testcase classname="utils.Learn_Data_Provider" name="submitForm" time="5.602"/>
  <testcase classname="utils.Learn_Data_Provider" name="submitForm" time="6.213"/>
  <testcase classname="utils.Learn_Data_Provider" name="submitForm" time="5.256"/>
  <testcase classname="utils.Learn_Data_Provider" name="submitForm" time="5.192"/>
  <testcase classname="utils.Learn_Data_Provider" name="submitForm" time="5.015"/>
  <testcase classname="utils.Learn_Data_Provider" name="submitForm" time="5.045"/>
</testsuite> <!-- utils.Learn_Data_Provider -->
