<?xml version="1.0" encoding="UTF-8"?>
<!-- Generated by org.testng.reporters.JUnitReportReporter -->
<testsuite hostname="Five9s" failures="0" tests="4" name="testNG.Groups" time="0.029" errors="0" timestamp="2025-08-16T22:16:21 IST" skipped="0">
  <testcase classname="testNG.Groups" name="signup" time="0.020"/>
  <testcase classname="testNG.Groups" name="login" time="0.003"/>
  <testcase classname="testNG.Groups" name="searchProduct" time="0.003"/>
  <testcase classname="testNG.Groups" name="addToCart" time="0.003"/>
</testsuite> <!-- testNG.Groups -->
