<?xml version="1.0" encoding="UTF-8"?>
<!-- Generated by org.testng.reporters.JUnitReportReporter -->
<testsuite hostname="DESKTOP-T81CQEU" failures="0" tests="3" name="testNG.CrossBrowser" time="35.690" errors="0" timestamp="2025-08-22T10:35:19 IST" skipped="0">
  <testcase classname="testNG.CrossBrowser" name="submitForm" time="7.504"/>
  <testcase classname="testNG.CrossBrowser" name="submitForm" time="11.342"/>
  <testcase classname="testNG.CrossBrowser" name="submitForm" time="16.844"/>
</testsuite> <!-- testNG.CrossBrowser -->
