<?xml version="1.0" encoding="UTF-8"?>
<!-- Generated by org.testng.reporters.JUnitReportReporter -->
<testsuite hostname="DESKTOP-T81CQEU" failures="0" tests="4" name="testNG.Groups" time="0.021" errors="0" timestamp="2025-08-22T10:19:10 IST" skipped="0">
  <testcase classname="testNG.Groups" name="signup" time="0.015"/>
  <testcase classname="testNG.Groups" name="login" time="0.002"/>
  <testcase classname="testNG.Groups" name="searchProduct" time="0.002"/>
  <testcase classname="testNG.Groups" name="addToCart" time="0.002"/>
</testsuite> <!-- testNG.Groups -->
