<?xml version="1.0" encoding="UTF-8"?>
<!-- Generated by org.testng.reporters.JUnitReportReporter -->
<testsuite hostname="DESKTOP-T81CQEU" failures="0" tests="1" name="testNG.UploadImageTest" time="1.269" errors="0" timestamp="2025-08-22T11:42:26 IST" skipped="0">
  <testcase classname="testNG.UploadImageTest" name="testImageUpload" time="1.269"/>
</testsuite> <!-- testNG.UploadImageTest -->
