<?xml version="1.0" encoding="UTF-8"?>
<!-- Generated by org.testng.reporters.JUnitReportReporter -->
<testsuite hostname="Five9s" failures="0" tests="5" name="testNG.LearnAttributes" time="0.030" errors="0" timestamp="2025-08-16T21:31:29 IST" skipped="0">
  <testcase classname="testNG.LearnAttributes" name="signout" time="0.006"/>
  <testcase classname="testNG.LearnAttributes" name="signup" time="0.010"/>
  <testcase classname="testNG.LearnAttributes" name="login" time="0.007"/>
  <testcase classname="testNG.LearnAttributes" name="searchProduct" time="0.003"/>
  <testcase classname="testNG.LearnAttributes" name="addToCart" time="0.004"/>
</testsuite> <!-- testNG.LearnAttributes -->
