<?xml version="1.0" encoding="UTF-8"?>
<!-- Generated by org.testng.reporters.JUnitReportReporter -->
<testsuite hostname="Five9s" failures="0" tests="2" name="testNG.CrossBrowser" time="39.827" errors="0" timestamp="2025-08-17T20:13:24 IST" skipped="0">
  <testcase classname="testNG.CrossBrowser" name="submitForm" time="20.062"/>
  <testcase classname="testNG.CrossBrowser" name="submitForm" time="19.765"/>
</testsuite> <!-- testNG.CrossBrowser -->
