<?xml version="1.0" encoding="UTF-8"?>
<!-- Generated by org.testng.reporters.JUnitReportReporter -->
<testsuite hostname="DESKTOP-T81CQEU" failures="0" tests="2" name="testNG.TestNgFlow" time="0.003" errors="0" timestamp="2025-08-22T09:50:45 IST" skipped="0">
  <testcase classname="testNG.TestNgFlow" name="myTest2" time="0.000"/>
  <testcase classname="testNG.TestNgFlow" name="myTest" time="0.003"/>
</testsuite> <!-- testNG.TestNgFlow -->
